08-27 14:14:41 com_github_MitjaNemec_ReplicateLayout.action_replicate_layout 359:Plugin executed on: 'linux'
08-27 14:14:41 com_github_MitjaNemec_ReplicateLayout.action_replicate_layout 360:Plugin executed with python version: '3.8.10 (default, Nov 14 2022, 12:59:47) \n[GCC 9.4.0]'
08-27 14:14:41 com_github_MitjaNemec_ReplicateLayout.action_replicate_layout 361:KiCad build version: 6.0.10-86aedd382b~118~ubuntu20.04.1
08-27 14:14:41 com_github_MitjaNemec_ReplicateLayout.action_replicate_layout 362:Plugin version: 1.3.5
08-27 14:14:41 com_github_MitjaNemec_ReplicateLayout.action_replicate_layout 363:Frame repr: <wx._core.Frame object at 0x7f0a0af01310>
08-27 14:14:41 com_github_MitjaNemec_ReplicateLayout.action_replicate_layout 387:Preparing replicator with Q7 as a reference
08-27 14:14:41 com_github_MitjaNemec_ReplicateLayout.replicate_layout 113:getting a list of all footprints on board
08-27 14:14:41 com_github_MitjaNemec_ReplicateLayout.action_replicate_layout 435:source anchor footprint is 'Q7'
Located on: ['level_converter_4']
With filenames: ['level_converter.kicad_sch']
With sheet_id:['level_converter_4']
08-27 14:14:41 com_github_MitjaNemec_ReplicateLayout.action_replicate_layout 454:Showing dialog
08-27 14:14:41 com_github_MitjaNemec_ReplicateLayout.replicate_layout 391:constructing a list of sheets suitable for replication on level:'level_converter_4', file:'level_converter.kicad_sch'
08-27 14:14:41 com_github_MitjaNemec_ReplicateLayout.replicate_layout 1356:Level selected: ['level_converter_4']
08-27 14:14:41 com_github_MitjaNemec_ReplicateLayout.replicate_layout 1191:Filtering list of tracks
08-27 14:14:41 com_github_MitjaNemec_ReplicateLayout.action_replicate_layout 460:Toolbar position: wx.Point(2526, 86)
08-27 14:14:41 com_github_MitjaNemec_ReplicateLayout.action_replicate_layout 465:Dialog position: wx.Point(2162, 86)
08-27 14:14:43 com_github_MitjaNemec_ReplicateLayout.replicate_layout 391:constructing a list of sheets suitable for replication on level:'level_converter_4', file:'level_converter.kicad_sch'
08-27 14:14:43 com_github_MitjaNemec_ReplicateLayout.action_replicate_layout 207:Replicating layout
08-27 14:14:43 root 299:updating GUI message: 'Preparing for replication'
08-27 14:14:44 root 304:updating GUI with: 0
08-27 14:14:44 com_github_MitjaNemec_ReplicateLayout.replicate_layout 307:Getting the list of source footprints
08-27 14:14:44 root 304:updating GUI with: 0
08-27 14:14:44 com_github_MitjaNemec_ReplicateLayout.replicate_layout 317:Getting the list of all the remaining footprints
08-27 14:14:44 com_github_MitjaNemec_ReplicateLayout.replicate_layout 324:Getting source tracks
08-27 14:14:44 com_github_MitjaNemec_ReplicateLayout.replicate_layout 1191:Filtering list of tracks
08-27 14:14:44 com_github_MitjaNemec_ReplicateLayout.replicate_layout 328:Getting source zones
08-27 14:14:44 com_github_MitjaNemec_ReplicateLayout.replicate_layout 332:Getting source text items
08-27 14:14:44 com_github_MitjaNemec_ReplicateLayout.replicate_layout 336:Getting source drawing items
08-27 14:14:44 root 299:updating GUI message: 'Replicating footprints'
08-27 14:14:44 root 304:updating GUI with: 0
08-27 14:14:44 com_github_MitjaNemec_ReplicateLayout.replicate_layout 742:Replicating footprints
08-27 14:14:44 com_github_MitjaNemec_ReplicateLayout.replicate_layout 748:Replicating footprints on sheet ['level_converter_5']
08-27 14:14:44 root 304:updating GUI with: 53
08-27 14:14:44 root 299:updating GUI message: 'Replicating tracks'
08-27 14:14:44 com_github_MitjaNemec_ReplicateLayout.replicate_layout 907:Replicating tracks
08-27 14:14:44 root 304:updating GUI with: 0
08-27 14:14:44 com_github_MitjaNemec_ReplicateLayout.replicate_layout 913:Replicating tracks on sheet ['level_converter_5']
08-27 14:14:44 com_github_MitjaNemec_ReplicateLayout.replicate_layout 737:Net pairs for sheet ['level_converter_5'] :[('+3.3V', '+3.3V'), ('/SCL_3.3V', '/SDA_3.3V'), ('/SCL', '/SDA'), ('VCC', 'VCC')]
08-27 14:14:44 root 304:updating GUI with: 63
08-27 14:14:44 root 299:updating GUI message: 'Replicating zones'
08-27 14:14:44 com_github_MitjaNemec_ReplicateLayout.replicate_layout 967:Replicating zones
08-27 14:14:44 com_github_MitjaNemec_ReplicateLayout.replicate_layout 974:Replicating zones on sheet ['level_converter_5']
08-27 14:14:44 com_github_MitjaNemec_ReplicateLayout.replicate_layout 737:Net pairs for sheet ['level_converter_5'] :[('+3.3V', '+3.3V'), ('/SCL_3.3V', '/SDA_3.3V'), ('/SCL', '/SDA'), ('VCC', 'VCC')]
08-27 14:14:44 root 304:updating GUI with: 40
08-27 14:14:44 root 299:updating GUI message: 'Replicating text'
08-27 14:14:44 com_github_MitjaNemec_ReplicateLayout.replicate_layout 1047:Replicating text
08-27 14:14:44 com_github_MitjaNemec_ReplicateLayout.replicate_layout 1054:Replicating text on sheet ['level_converter_5']
08-27 14:14:44 root 299:updating GUI message: 'Replicating drawings'
08-27 14:14:44 root 304:updating GUI with: 0
08-27 14:14:44 com_github_MitjaNemec_ReplicateLayout.replicate_layout 1088:Replicating drawings
08-27 14:14:44 com_github_MitjaNemec_ReplicateLayout.replicate_layout 1094:Replicating drawings on sheet ['level_converter_5']
08-27 14:14:44 com_github_MitjaNemec_ReplicateLayout.action_replicate_layout 223:Replication complete
08-27 14:14:44 com_github_MitjaNemec_ReplicateLayout.action_replicate_layout 226:Letting the user know there are some issues with replicated design
08-27 14:14:44 com_github_MitjaNemec_ReplicateLayout.action_replicate_layout 230:Looks like the design has an exotic connectivity that is not supported by the plugin
 Make sure that you check the connectivity around:
Footprint R30, pad 1
Footprint Q4, pad 2
Footprint Q3, pad 2
Footprint Q6, pad 3
Footprint R32, pad 1
Footprint R28, pad 1
Footprint Q4, pad 3
Footprint Q3, pad 3
Footprint R29, pad 2
Footprint Q5, pad 2
Footprint R31, pad 2
Footprint Q5, pad 3
Footprint R26, pad 1
Footprint R27, pad 2
Footprint R25, pad 2
Footprint Q6, pad 2

